<?xml version="1.0" encoding="UTF-8"?>
<!-- Generated by org.testng.reporters.JUnitXMLReporter -->
<testsuite ignored="0" hostname="DESKTOP-9BAS117" failures="1" tests="3" name="Test" time="0.045" errors="0" timestamp="2023-03-07T22:53:41 IST">
  <testcase classname="iListeners.Demo1" name="abc" time="0.008"/>
  <testcase classname="iListeners.Demo1" name="pqr" time="0.002">
    <failure type="java.lang.AssertionError" message="expected [100] but found [abcd]">
      <![CDATA[java.lang.AssertionError: expected [100] but found [abcd]
at iListeners.Demo1.pqr(Demo1.java:17)
at java.base/java.util.ArrayList.forEach(ArrayList.java:1511)
... Removed 32 stack frames]]>
    </failure>
  </testcase> <!-- pqr -->
  <testcase classname="iListeners.Demo1" name="xyz" time="0.001"/>
</testsuite> <!-- Test -->
